INFO: [VRFC 10-2263] Analyzing Verilog file "D:/archlabs/lab06/lab06.srcs/sources_1/imports/sources_1/imports/archlabs/lab03/lab03.srcs/sources_1/new/ALUCtr.v" into library xil_defaultlib
INFO: [VRFC 10-311] analyzing module ALUCtr
INFO: [VRFC 10-2263] Analyzing Verilog file "D:/archlabs/lab06/lab06.srcs/sources_1/imports/sources_1/new/ANDgate.v" into library xil_defaultlib
INFO: [VRFC 10-311] analyzing module ANDgate
INFO: [VRFC 10-2263] Analyzing Verilog file "D:/archlabs/lab06/lab06.srcs/sources_1/imports/sources_1/imports/archlabs/lab03/lab03.srcs/sources_1/new/Alu.v" into library xil_defaultlib
INFO: [VRFC 10-311] analyzing module Alu
INFO: [VRFC 10-2263] Analyzing Verilog file "D:/archlabs/lab06/lab06.srcs/sources_1/imports/sources_1/imports/archlabs/lab03/lab03.srcs/sources_1/new/Ctr.v" into library xil_defaultlib
INFO: [VRFC 10-311] analyzing module Ctr
INFO: [VRFC 10-2263] Analyzing Verilog file "D:/archlabs/lab06/lab06.srcs/sources_1/new/EX_MEM.v" into library xil_defaultlib
INFO: [VRFC 10-311] analyzing module EX_MEM
INFO: [VRFC 10-2263] Analyzing Verilog file "D:/archlabs/lab06/lab06.srcs/sources_1/new/Forward_unit.v" into library xil_defaultlib
INFO: [VRFC 10-311] analyzing module Forward_unit
INFO: [VRFC 10-2263] Analyzing Verilog file "D:/archlabs/lab06/lab06.srcs/sources_1/new/ID_EX.v" into library xil_defaultlib
INFO: [VRFC 10-311] analyzing module ID_EX
INFO: [VRFC 10-2263] Analyzing Verilog file "D:/archlabs/lab06/lab06.srcs/sources_1/new/IF_ID.v" into library xil_defaultlib
INFO: [VRFC 10-311] analyzing module IF_ID
INFO: [VRFC 10-2263] Analyzing Verilog file "D:/archlabs/lab06/lab06.srcs/sources_1/imports/sources_1/new/InstMemory.v" into library xil_defaultlib
INFO: [VRFC 10-311] analyzing module InstMemory
INFO: [VRFC 10-2263] Analyzing Verilog file "D:/archlabs/lab06/lab06.srcs/sources_1/new/MEM_WB.v" into library xil_defaultlib
INFO: [VRFC 10-311] analyzing module MEM_WB
INFO: [VRFC 10-2263] Analyzing Verilog file "D:/archlabs/lab06/lab06.srcs/sources_1/imports/sources_1/new/Mux.v" into library xil_defaultlib
INFO: [VRFC 10-311] analyzing module Mux
INFO: [VRFC 10-2263] Analyzing Verilog file "D:/archlabs/lab06/lab06.srcs/sources_1/imports/sources_1/new/PC.v" into library xil_defaultlib
INFO: [VRFC 10-311] analyzing module PC
INFO: [VRFC 10-2263] Analyzing Verilog file "D:/archlabs/lab06/lab06.srcs/sources_1/imports/sources_1/imports/archlabs/lab04/lab04.srcs/sources_1/new/Registers.v" into library xil_defaultlib
INFO: [VRFC 10-311] analyzing module Registers
INFO: [VRFC 10-2263] Analyzing Verilog file "D:/archlabs/lab06/lab06.srcs/sources_1/imports/sources_1/new/Shift.v" into library xil_defaultlib
INFO: [VRFC 10-311] analyzing module Shift
INFO: [VRFC 10-2263] Analyzing Verilog file "D:/archlabs/lab06/lab06.srcs/sources_1/imports/sources_1/new/Shift_26.v" into library xil_defaultlib
INFO: [VRFC 10-311] analyzing module Shift_26
INFO: [VRFC 10-2263] Analyzing Verilog file "D:/archlabs/lab06/lab06.srcs/sources_1/imports/sources_1/new/TOP.v" into library xil_defaultlib
INFO: [VRFC 10-311] analyzing module TOP
INFO: [VRFC 10-2263] Analyzing Verilog file "D:/archlabs/lab06/lab06.srcs/sources_1/imports/sources_1/imports/archlabs/lab04/lab04.srcs/sources_1/new/dataMemory.v" into library xil_defaultlib
INFO: [VRFC 10-311] analyzing module dataMemory
INFO: [VRFC 10-2263] Analyzing Verilog file "D:/archlabs/lab06/lab06.srcs/sources_1/imports/sources_1/imports/archlabs/lab04/lab04.srcs/sources_1/new/signext.v" into library xil_defaultlib
INFO: [VRFC 10-311] analyzing module signext
INFO: [VRFC 10-2263] Analyzing Verilog file "D:/archlabs/lab06/lab06.srcs/sources_1/imports/sources_1/new/signext_5_32.v" into library xil_defaultlib
INFO: [VRFC 10-311] analyzing module signext_5_32
INFO: [VRFC 10-2263] Analyzing Verilog file "D:/archlabs/lab06/lab06.srcs/sim_1/imports/new/TOP_tb.v" into library xil_defaultlib
INFO: [VRFC 10-311] analyzing module TOP_tb
